<?xml version="1.0" encoding="UTF-8"?>
<testsuite xmlns:xsi="http://www.w3.org/2001/XMLSchema-instance" xsi:noNamespaceSchemaLocation="https://maven.apache.org/surefire/maven-surefire-plugin/xsd/surefire-test-report.xsd" name="PROF.Examen1.MatriculaTest" time="0.17" tests="3" errors="1" skipped="0" failures="1">
  <properties>
[...]
</properties>
  <testcase name="calcula_importe_matricula" classname="PROF.Examen1.MatriculaTest" time="0.035"/>
  <testcase name="todas_asignaturas_recorridas" classname="PROF.Examen1.MatriculaTest" time="0.014">
    <failure message="&#10;Wanted but not invoked:&#10;asignatura.getImporte();&#10;-&gt; at PROF.Examen1.MatriculaTest.todas_asignaturas_recorridas(MatriculaTest.java:45)&#10;Actually, there were zero interactions with this mock.&#10;" type="org.mockito.exceptions.verification.WantedButNotInvoked">org.mockito.exceptions.verification.WantedButNotInvoked: 

Wanted but not invoked:
asignatura.getImporte();
-> at PROF.Examen1.MatriculaTest.todas_asignaturas_recorridas(MatriculaTest.java:45)
Actually, there were zero interactions with this mock.

	at PROF.Examen1.MatriculaTest.todas_asignaturas_recorridas(MatriculaTest.java:45)
</failure>
  </testcase>
  <testcase name="lanza_excepcion_cuando_vector_nulo" classname="PROF.Examen1.MatriculaTest" time="0">
    <error message="Unresolved compilation problem: &#10;	Lambda expressions are allowed only at source level 1.8 or above&#10;" type="java.lang.Error">java.lang.Error: 
Unresolved compilation problem: 
	Lambda expressions are allowed only at source level 1.8 or above

	at PROF.Examen1.MatriculaTest.lanza_excepcion_cuando_vector_nulo(MatriculaTest.java:19)
</error>
  </testcase>
</testsuite>