<?xml version="1.0" encoding="UTF-8"?>
<testsuite xmlns:xsi="http://www.w3.org/2001/XMLSchema-instance" xsi:noNamespaceSchemaLocation="https://maven.apache.org/surefire/maven-surefire-plugin/xsd/surefire-test-report.xsd" name="PROF.Examen1.MatriculaTest" time="0.17" tests="3" errors="1" skipped="0" failures="1">
  <properties>
    <property name="sun.desktop" value="windows"/>
    <property name="awt.toolkit" value="sun.awt.windows.WToolkit"/>
    <property name="java.specification.version" value="11"/>
    <property name="sun.cpu.isalist" value="amd64"/>
    <property name="sun.jnu.encoding" value="Cp1252"/>
    <property name="java.class.path" value="C:\Users\jmc16\eclipse-workspace\Examen1\target\test-classes;C:\Users\jmc16\eclipse-workspace\Examen1\target\classes;C:\Users\jmc16\.m2\repository\junit\junit\3.8.1\junit-3.8.1.jar;C:\Users\jmc16\.m2\repository\org\mockito\mockito-all\1.10.19\mockito-all-1.10.19.jar;C:\Users\jmc16\.m2\repository\org\junit\jupiter\junit-jupiter-engine\5.9.1\junit-jupiter-engine-5.9.1.jar;C:\Users\jmc16\.m2\repository\org\junit\platform\junit-platform-engine\1.9.1\junit-platform-engine-1.9.1.jar;C:\Users\jmc16\.m2\repository\org\apiguardian\apiguardian-api\1.1.2\apiguardian-api-1.1.2.jar;C:\Users\jmc16\.m2\repository\org\junit\jupiter\junit-jupiter-api\5.9.1\junit-jupiter-api-5.9.1.jar;C:\Users\jmc16\.m2\repository\org\opentest4j\opentest4j\1.2.0\opentest4j-1.2.0.jar;C:\Users\jmc16\.m2\repository\org\junit\platform\junit-platform-commons\1.9.1\junit-platform-commons-1.9.1.jar;"/>
    <property name="java.vm.vendor" value="Oracle Corporation"/>
    <property name="sun.arch.data.model" value="64"/>
    <property name="user.variant" value=""/>
    <property name="java.vendor.url" value="https://openjdk.java.net/"/>
    <property name="user.timezone" value="Europe/Paris"/>
    <property name="java.vm.specification.version" value="11"/>
    <property name="os.name" value="Windows 10"/>
    <property name="sun.java.launcher" value="SUN_STANDARD"/>
    <property name="user.country" value="ES"/>
    <property name="sun.boot.library.path" value="C:\Program Files\Java\jdk-11.0.13\bin"/>
    <property name="sun.java.command" value="C:\Users\jmc16\AppData\Local\Temp\surefire13106341327208624272\surefirebooter16478151589100122882.jar C:\Users\jmc16\AppData\Local\Temp\surefire13106341327208624272 2022-11-07T19-10-32_412-jvmRun1 surefire7318964543437380630tmp surefire_05505322769959861898tmp"/>
    <property name="jdk.debug" value="release"/>
    <property name="surefire.test.class.path" value="C:\Users\jmc16\eclipse-workspace\Examen1\target\test-classes;C:\Users\jmc16\eclipse-workspace\Examen1\target\classes;C:\Users\jmc16\.m2\repository\junit\junit\3.8.1\junit-3.8.1.jar;C:\Users\jmc16\.m2\repository\org\mockito\mockito-all\1.10.19\mockito-all-1.10.19.jar;C:\Users\jmc16\.m2\repository\org\junit\jupiter\junit-jupiter-engine\5.9.1\junit-jupiter-engine-5.9.1.jar;C:\Users\jmc16\.m2\repository\org\junit\platform\junit-platform-engine\1.9.1\junit-platform-engine-1.9.1.jar;C:\Users\jmc16\.m2\repository\org\apiguardian\apiguardian-api\1.1.2\apiguardian-api-1.1.2.jar;C:\Users\jmc16\.m2\repository\org\junit\jupiter\junit-jupiter-api\5.9.1\junit-jupiter-api-5.9.1.jar;C:\Users\jmc16\.m2\repository\org\opentest4j\opentest4j\1.2.0\opentest4j-1.2.0.jar;C:\Users\jmc16\.m2\repository\org\junit\platform\junit-platform-commons\1.9.1\junit-platform-commons-1.9.1.jar;"/>
    <property name="sun.cpu.endian" value="little"/>
    <property name="user.home" value="C:\Users\jmc16"/>
    <property name="user.language" value="es"/>
    <property name="java.specification.vendor" value="Oracle Corporation"/>
    <property name="java.version.date" value="2021-10-19"/>
    <property name="java.home" value="C:\Program Files\Java\jdk-11.0.13"/>
    <property name="file.separator" value="\"/>
    <property name="basedir" value="C:\Users\jmc16\eclipse-workspace\Examen1"/>
    <property name="java.vm.compressedOopsMode" value="Zero based"/>
    <property name="line.separator" value="&#10;"/>
    <property name="java.specification.name" value="Java Platform API Specification"/>
    <property name="java.vm.specification.vendor" value="Oracle Corporation"/>
    <property name="java.awt.graphicsenv" value="sun.awt.Win32GraphicsEnvironment"/>
    <property name="surefire.real.class.path" value="C:\Users\jmc16\AppData\Local\Temp\surefire13106341327208624272\surefirebooter16478151589100122882.jar"/>
    <property name="user.script" value=""/>
    <property name="sun.management.compiler" value="HotSpot 64-Bit Tiered Compilers"/>
    <property name="java.runtime.version" value="11.0.13+10-LTS-370"/>
    <property name="user.name" value="jmc16"/>
    <property name="path.separator" value=";"/>
    <property name="os.version" value="10.0"/>
    <property name="java.runtime.name" value="Java(TM) SE Runtime Environment"/>
    <property name="file.encoding" value="Cp1252"/>
    <property name="java.vm.name" value="Java HotSpot(TM) 64-Bit Server VM"/>
    <property name="java.vendor.version" value="18.9"/>
    <property name="localRepository" value="C:\Users\jmc16\.m2\repository"/>
    <property name="java.vendor.url.bug" value="https://bugreport.java.com/bugreport/"/>
    <property name="java.io.tmpdir" value="C:\Users\jmc16\AppData\Local\Temp\"/>
    <property name="java.version" value="11.0.13"/>
    <property name="user.dir" value="C:\Users\jmc16\eclipse-workspace\Examen1"/>
    <property name="os.arch" value="amd64"/>
    <property name="java.vm.specification.name" value="Java Virtual Machine Specification"/>
    <property name="java.awt.printerjob" value="sun.awt.windows.WPrinterJob"/>
    <property name="sun.os.patch.level" value=""/>
    <property name="java.library.path" value="C:\Program Files\Java\jdk-11.0.13\bin;C:\WINDOWS\Sun\Java\bin;C:\WINDOWS\system32;C:\WINDOWS;C:/Users/jmc16/.p2/pool/plugins/org.eclipse.justj.openjdk.hotspot.jre.full.win32.x86_64_17.0.4.v20221004-1257/jre/bin/server;C:/Users/jmc16/.p2/pool/plugins/org.eclipse.justj.openjdk.hotspot.jre.full.win32.x86_64_17.0.4.v20221004-1257/jre/bin;C:\Program Files\Common Files\Oracle\Java\javapath;C:\Program Files (x86)\Common Files\Oracle\Java\javapath;C:\Python310\Scripts\;C:\Python310\;C:\WINDOWS\system32;C:\WINDOWS;C:\WINDOWS\System32\Wbem;C:\WINDOWS\System32\WindowsPowerShell\v1.0\;C:\WINDOWS\System32\OpenSSH\;C:\Program Files\nodejs\;C:\ProgramData\chocolatey\bin;C:\Program Files\Git\cmd;C:\Program Files\AutoFirma\AutoFirma;C:\Program Files\MATLAB\R2022b\runtime\win64;C:\Program Files\MATLAB\R2022b\bin;C:\Program Files\PuTTY\;C:\Program Files\apache-maven-3.8.6\bin;C:\Users\jmc16\AppData\Local\Microsoft\WindowsApps;C:\Users\jmc16\AppData\Local\Programs\Microsoft VS Code\bin;C:\Users\jmc16\AppData\Roaming\npm;C:\Program Files\JetBrains\IntelliJ IDEA Educational Edition 2021.3\bin;C:\Users\jmc16\AppData\Local\gitkraken\bin;C:\Program Files\Java\jdk-11.0.13\bin;C:\Users\jmc16\AppData\Local\GitHubDesktop\bin;C:\WINDOWS\system32;;."/>
    <property name="java.vendor" value="Oracle Corporation"/>
    <property name="java.vm.info" value="mixed mode"/>
    <property name="java.vm.version" value="11.0.13+10-LTS-370"/>
    <property name="sun.io.unicode.encoding" value="UnicodeLittle"/>
    <property name="java.class.version" value="55.0"/>
  </properties>
  <testcase name="calcula_importe_matricula" classname="PROF.Examen1.MatriculaTest" time="0.035"/>
  <testcase name="todas_asignaturas_recorridas" classname="PROF.Examen1.MatriculaTest" time="0.014">
    <failure message="&#10;Wanted but not invoked:&#10;asignatura.getImporte();&#10;-&gt; at PROF.Examen1.MatriculaTest.todas_asignaturas_recorridas(MatriculaTest.java:45)&#10;Actually, there were zero interactions with this mock.&#10;" type="org.mockito.exceptions.verification.WantedButNotInvoked">org.mockito.exceptions.verification.WantedButNotInvoked: 

Wanted but not invoked:
asignatura.getImporte();
-> at PROF.Examen1.MatriculaTest.todas_asignaturas_recorridas(MatriculaTest.java:45)
Actually, there were zero interactions with this mock.

	at PROF.Examen1.MatriculaTest.todas_asignaturas_recorridas(MatriculaTest.java:45)
</failure>
  </testcase>
  <testcase name="lanza_excepcion_cuando_vector_nulo" classname="PROF.Examen1.MatriculaTest" time="0">
    <error message="Unresolved compilation problem: &#10;	Lambda expressions are allowed only at source level 1.8 or above&#10;" type="java.lang.Error">java.lang.Error: 
Unresolved compilation problem: 
	Lambda expressions are allowed only at source level 1.8 or above

	at PROF.Examen1.MatriculaTest.lanza_excepcion_cuando_vector_nulo(MatriculaTest.java:19)
</error>
  </testcase>
</testsuite>